C51 COMPILER V9.53.0.0   TIMERCONTROL                                                      10/31/2022 18:34:52 PAGE 1   


C51 COMPILER V9.53.0.0, COMPILATION OF MODULE TIMERCONTROL
OBJECT MODULE PLACED IN TimerControl.OBJ
COMPILER INVOKED BY: K:\keil5\C51\BIN\C51.EXE TimerControl.c OPTIMIZE(8,SPEED) BROWSE DEBUG OBJECTEXTEND TABS(2)

line level    source

   1          #include "TimerControl.h"
   2          #include <REGX51.H>
   3          
   4          /**
   5          Timer control
   6          **/
   7          void Timer1(short flag)
   8          {
   9   1        if(flag == START)
  10   1        {
  11   2          TR1 = 1;
  12   2          ET1 = 1;
  13   2        }
  14   1        if(flag == STOP)
  15   1        {
  16   2          TR1 = 0;
  17   2          ET1 = 0;
  18   2        }
  19   1      }
  20          
  21          void Timer0(short flag)
  22          {
  23   1        if(flag == START)
  24   1        {
  25   2          TR0 = 1;
  26   2          ET0 = 1;
  27   2        }
  28   1        if(flag == STOP)
  29   1        {
  30   2          TR0 = 0;
  31   2          ET0 = 0;
  32   2        }
  33   1      }


MODULE INFORMATION:   STATIC OVERLAYABLE
   CODE SIZE        =     38    ----
   CONSTANT SIZE    =   ----    ----
   XDATA SIZE       =   ----    ----
   PDATA SIZE       =   ----    ----
   DATA SIZE        =   ----    ----
   IDATA SIZE       =   ----    ----
   BIT SIZE         =   ----    ----
END OF MODULE INFORMATION.


C51 COMPILATION COMPLETE.  0 WARNING(S),  0 ERROR(S)
